Creating empty facilities table...
DROP TABLE
CREATE TABLE
DROP TABLE
CREATE TABLE
DROP TABLE
CREATE TABLE
DROP TABLE
CREATE TABLE
DROP TABLE
CREATE TABLE
DROP TABLE
CREATE TABLE
DROP TABLE
CREATE TABLE
DROP TABLE
CREATE TABLE
DROP TABLE
CREATE TABLE
DROP TABLE
CREATE TABLE
DROP TABLE
CREATE TABLE
DROP TABLE
CREATE TABLE
DROP TABLE
CREATE TABLE
Transforming and inserting records from source data
INSERT 0 383
INSERT 0 383
UPDATE 383
INSERT 0 383
INSERT 0 383
INSERT 0 383
INSERT 0 383
INSERT 0 2124
INSERT 0 2124
UPDATE 2124
INSERT 0 2124
INSERT 0 2124
INSERT 0 2384
INSERT 0 2384
UPDATE 2384
INSERT 0 2384
INSERT 0 2384
INSERT 0 2384
INSERT 0 2384
INSERT 0 13989
UPDATE 201
INSERT 0 13989
UPDATE 13989
INSERT 0 13989
INSERT 0 13989
INSERT 0 13989
INSERT 0 1968
INSERT 0 1968
UPDATE 1968
INSERT 0 1968
INSERT 0 1968
INSERT 0 391
INSERT 0 391
UPDATE 391
INSERT 0 391
INSERT 0 391
INSERT 0 391
INSERT 0 391
INSERT 0 291
INSERT 0 291
UPDATE 291
INSERT 0 291
INSERT 0 291
INSERT 0 291
INSERT 0 291
INSERT 0 192
INSERT 0 192
UPDATE 192
INSERT 0 192
INSERT 0 192
INSERT 0 577
INSERT 0 577
UPDATE 577
INSERT 0 577
INSERT 0 577
INSERT 0 577
INSERT 0 577
INSERT 0 419
INSERT 0 419
UPDATE 419
INSERT 0 419
INSERT 0 419
INSERT 0 419
INSERT 0 137
INSERT 0 137
UPDATE 137
INSERT 0 137
INSERT 0 137
INSERT 0 1885
INSERT 0 1885
UPDATE 1885
INSERT 0 1885
INSERT 0 1885
INSERT 0 1885
INSERT 0 1885
INSERT 0 2789
INSERT 0 2789
UPDATE 2789
INSERT 0 2789
INSERT 0 2789
INSERT 0 2789
INSERT 0 2135
INSERT 0 2789
INSERT 0 2106
INSERT 0 3361
INSERT 0 3361
UPDATE 3361
INSERT 0 3361
INSERT 0 2908
INSERT 0 3361
INSERT 0 69
INSERT 0 69
UPDATE 69
INSERT 0 69
INSERT 0 69
INSERT 0 69
INSERT 0 35
INSERT 0 35
UPDATE 35
INSERT 0 35
INSERT 0 35
INSERT 0 12
INSERT 0 12
UPDATE 12
INSERT 0 12
INSERT 0 12
INSERT 0 75
INSERT 0 75
UPDATE 75
INSERT 0 75
INSERT 0 75
INSERT 0 45
INSERT 0 45
UPDATE 45
INSERT 0 45
INSERT 0 45
INSERT 0 2008
INSERT 0 2008
UPDATE 2008
INSERT 0 2008
INSERT 0 2008
INSERT 0 2008
INSERT 0 2008
INSERT 0 85
INSERT 0 85
UPDATE 85
INSERT 0 85
INSERT 0 85
INSERT 0 827
INSERT 0 827
UPDATE 827
INSERT 0 827
INSERT 0 923
INSERT 0 13039
INSERT 0 13039
UPDATE 13039
INSERT 0 13039
INSERT 0 13039
INSERT 0 13039
INSERT 0 761
INSERT 0 761
UPDATE 761
INSERT 0 761
INSERT 0 761
INSERT 0 2939
INSERT 0 2939
UPDATE 2939
INSERT 0 2939
INSERT 0 2939
INSERT 0 2939
INSERT 0 6044
INSERT 0 37244
UPDATE 6044
INSERT 0 6044
psql:./2_assembly/hhs_facilities_fmscontracts.sql:340: ERROR:  syntax error at or near "DISTINCT"
LINE 57:         DISTINCT CT_Num,
                 ^
INSERT 0 6044
